2025-10-21 19:49:36 INFO  [background-preinit] o.h.validator.internal.util.Version - HV000001: Hibernate Validator 8.0.3.Final
2025-10-21 19:49:36 INFO  [main] c.e.E.EmailServiceApplication - Starting EmailServiceApplication using Java 24.0.2 with PID 25016 (/Users/arjansubedi/Downloads/taskqueue/service/EmailService/target/classes started by arjansubedi in /Users/arjansubedi/Downloads/taskqueue/service/EmailService)
2025-10-21 19:49:36 INFO  [main] c.e.E.EmailServiceApplication - No active profile set, falling back to 1 default profile: "default"
2025-10-21 19:49:37 INFO  [main] o.s.cloud.context.scope.GenericScope - BeanFactory id=8e53eb3d-2a60-3c54-b041-c983746b5453
2025-10-21 19:49:37 INFO  [main] o.s.b.w.e.tomcat.TomcatWebServer - Tomcat initialized with port 8004 (http)
2025-10-21 19:49:37 INFO  [main] o.a.coyote.http11.Http11NioProtocol - Initializing ProtocolHandler ["http-nio-8004"]
2025-10-21 19:49:37 INFO  [main] o.a.catalina.core.StandardService - Starting service [Tomcat]
2025-10-21 19:49:37 INFO  [main] o.a.catalina.core.StandardEngine - Starting Servlet engine: [Apache Tomcat/10.1.46]
2025-10-21 19:49:37 INFO  [main] o.a.c.c.C.[Tomcat].[localhost].[/] - Initializing Spring embedded WebApplicationContext
2025-10-21 19:49:37 INFO  [main] o.s.b.w.s.c.ServletWebServerApplicationContext - Root WebApplicationContext: initialization completed in 700 ms
2025-10-21 19:49:37 INFO  [main] o.s.c.o.FeignClientFactoryBean - For 'queue-service' URL not provided. Will try picking an instance via load-balancing.
2025-10-21 19:49:37 INFO  [main] c.e.EmailService.EmailSenderService - EmailSenderService initialized successfully
2025-10-21 19:49:37 INFO  [main] c.example.EmailService.EmailPoller - EmailPoller initialized successfully
2025-10-21 19:49:37 INFO  [main] o.s.c.n.e.c.DiscoveryClientOptionalArgsConfiguration - Eureka HTTP Client uses RestTemplate.
2025-10-21 19:49:37 WARN  [main] o.s.c.l.c.LoadBalancerCacheAutoConfiguration$LoadBalancerCaffeineWarnLogger - Spring Cloud LoadBalancer is currently working with the default cache. While this cache implementation is useful for development and tests, it's recommended to use Caffeine cache in production.You can switch to using Caffeine cache, by adding it and org.springframework.cache.caffeine.CaffeineCacheManager to the classpath.
2025-10-21 19:49:37 INFO  [main] o.s.b.a.e.web.EndpointLinksResolver - Exposing 1 endpoint beneath base path '/actuator'
2025-10-21 19:49:37 INFO  [main] o.s.c.n.eureka.InstanceInfoFactory - Setting initial instance status as: STARTING
2025-10-21 19:49:37 INFO  [main] c.netflix.discovery.DiscoveryClient - Initializing Eureka in region us-east-1
2025-10-21 19:49:37 INFO  [main] c.n.d.s.r.aws.ConfigClusterResolver - Resolving eureka endpoints via configuration
2025-10-21 19:49:37 INFO  [main] c.netflix.discovery.DiscoveryClient - Disable delta property : false
2025-10-21 19:49:37 INFO  [main] c.netflix.discovery.DiscoveryClient - Single vip registry refresh property : null
2025-10-21 19:49:37 INFO  [main] c.netflix.discovery.DiscoveryClient - Force full registry fetch : false
2025-10-21 19:49:37 INFO  [main] c.netflix.discovery.DiscoveryClient - Application is null : false
2025-10-21 19:49:37 INFO  [main] c.netflix.discovery.DiscoveryClient - Registered Applications size is zero : true
2025-10-21 19:49:37 INFO  [main] c.netflix.discovery.DiscoveryClient - Application version is -1: true
2025-10-21 19:49:37 INFO  [main] c.netflix.discovery.DiscoveryClient - Getting all instance registry info from the eureka server
2025-10-21 19:49:38 INFO  [main] c.netflix.discovery.DiscoveryClient - The response status is 200
2025-10-21 19:49:38 INFO  [main] c.netflix.discovery.DiscoveryClient - Starting heartbeat executor: renew interval is: 30
2025-10-21 19:49:38 INFO  [main] c.n.discovery.InstanceInfoReplicator - InstanceInfoReplicator onDemand update allowed rate per min is 4
2025-10-21 19:49:38 INFO  [main] c.netflix.discovery.DiscoveryClient - Discovery Client initialized at timestamp 1761090578229 with initial instances count: 4
2025-10-21 19:49:38 INFO  [main] o.s.c.n.e.s.EurekaServiceRegistry - Registering application EMAILSERVICE with eureka with status UP
2025-10-21 19:49:38 INFO  [main] c.netflix.discovery.DiscoveryClient - Saw local status change event StatusChangeEvent [timestamp=1761090578232, current=UP, previous=STARTING]
2025-10-21 19:49:38 INFO  [DiscoveryClient-InstanceInfoReplicator-%d] c.netflix.discovery.DiscoveryClient - DiscoveryClient_EMAILSERVICE/mac.lan:EmailService:8004: registering service...
2025-10-21 19:49:38 INFO  [main] o.a.coyote.http11.Http11NioProtocol - Starting ProtocolHandler ["http-nio-8004"]
2025-10-21 19:49:38 INFO  [main] o.s.b.w.e.tomcat.TomcatWebServer - Tomcat started on port 8004 (http) with context path '/'
2025-10-21 19:49:38 INFO  [main] o.s.c.n.e.s.EurekaAutoServiceRegistration - Updating port to 8004
2025-10-21 19:49:38 INFO  [main] c.e.E.EmailServiceApplication - Started EmailServiceApplication in 1.894 seconds (process running for 2.207)
2025-10-21 19:49:38 INFO  [DiscoveryClient-InstanceInfoReplicator-%d] c.netflix.discovery.DiscoveryClient - DiscoveryClient_EMAILSERVICE/mac.lan:EmailService:8004 - registration status: 204
2025-10-21 19:50:20 INFO  [SpringApplicationShutdownHook] o.s.c.n.e.s.EurekaServiceRegistry - Unregistering application EMAILSERVICE with eureka with status DOWN
2025-10-21 19:50:20 INFO  [SpringApplicationShutdownHook] c.netflix.discovery.DiscoveryClient - Saw local status change event StatusChangeEvent [timestamp=1761090620655, current=DOWN, previous=UP]
2025-10-21 19:50:20 INFO  [DiscoveryClient-InstanceInfoReplicator-%d] c.netflix.discovery.DiscoveryClient - DiscoveryClient_EMAILSERVICE/mac.lan:EmailService:8004: registering service...
2025-10-21 19:50:20 INFO  [SpringApplicationShutdownHook] o.s.b.w.e.tomcat.GracefulShutdown - Commencing graceful shutdown. Waiting for active requests to complete
2025-10-21 19:50:20 INFO  [tomcat-shutdown] o.s.b.w.e.tomcat.GracefulShutdown - Graceful shutdown complete
2025-10-21 19:50:20 INFO  [DiscoveryClient-InstanceInfoReplicator-%d] c.netflix.discovery.DiscoveryClient - DiscoveryClient_EMAILSERVICE/mac.lan:EmailService:8004 - registration status: 204
2025-10-21 19:50:20 INFO  [SpringApplicationShutdownHook] c.netflix.discovery.DiscoveryClient - Shutting down DiscoveryClient ...
2025-10-21 19:50:23 INFO  [SpringApplicationShutdownHook] c.netflix.discovery.DiscoveryClient - Unregistering ...
2025-10-21 19:50:23 INFO  [SpringApplicationShutdownHook] c.netflix.discovery.DiscoveryClient - DiscoveryClient_EMAILSERVICE/mac.lan:EmailService:8004 - deregister  status: 200
2025-10-21 19:50:23 INFO  [SpringApplicationShutdownHook] c.netflix.discovery.DiscoveryClient - Completed shut down of DiscoveryClient
2025-10-21 20:46:03 INFO  [background-preinit] o.h.validator.internal.util.Version - HV000001: Hibernate Validator 8.0.3.Final
2025-10-21 20:46:03 INFO  [main] c.e.E.EmailServiceApplicationTests - Starting EmailServiceApplicationTests using Java 21.0.1 with PID 94374 (started by arjansubedi in /Users/arjansubedi/Downloads/taskqueue/service/EmailService)
2025-10-21 20:46:03 INFO  [main] c.e.E.EmailServiceApplicationTests - No active profile set, falling back to 1 default profile: "default"
2025-10-21 20:46:04 INFO  [main] o.s.cloud.context.scope.GenericScope - BeanFactory id=135ae4b8-afd9-328e-8e83-27fbd8fa4e2b
2025-10-21 20:46:04 INFO  [main] o.s.c.o.FeignClientFactoryBean - For 'queue-service' URL not provided. Will try picking an instance via load-balancing.
2025-10-21 20:46:04 INFO  [main] c.e.EmailService.EmailSenderService - EmailSenderService initialized successfully
2025-10-21 20:46:04 INFO  [main] c.example.EmailService.EmailPoller - EmailPoller initialized successfully
2025-10-21 20:46:05 INFO  [main] o.s.c.n.e.c.DiscoveryClientOptionalArgsConfiguration - Eureka HTTP Client uses RestTemplate.
2025-10-21 20:46:05 WARN  [main] o.s.c.l.c.LoadBalancerCacheAutoConfiguration$LoadBalancerCaffeineWarnLogger - Spring Cloud LoadBalancer is currently working with the default cache. While this cache implementation is useful for development and tests, it's recommended to use Caffeine cache in production.You can switch to using Caffeine cache, by adding it and org.springframework.cache.caffeine.CaffeineCacheManager to the classpath.
2025-10-21 20:46:05 INFO  [main] o.s.b.a.e.web.EndpointLinksResolver - Exposing 1 endpoint beneath base path '/actuator'
2025-10-21 20:46:05 INFO  [main] o.s.c.n.eureka.InstanceInfoFactory - Setting initial instance status as: STARTING
2025-10-21 20:46:05 INFO  [main] c.netflix.discovery.DiscoveryClient - Initializing Eureka in region us-east-1
2025-10-21 20:46:05 INFO  [main] c.n.d.s.r.aws.ConfigClusterResolver - Resolving eureka endpoints via configuration
2025-10-21 20:46:05 INFO  [main] c.netflix.discovery.DiscoveryClient - Disable delta property : false
2025-10-21 20:46:05 INFO  [main] c.netflix.discovery.DiscoveryClient - Single vip registry refresh property : null
2025-10-21 20:46:05 INFO  [main] c.netflix.discovery.DiscoveryClient - Force full registry fetch : false
2025-10-21 20:46:05 INFO  [main] c.netflix.discovery.DiscoveryClient - Application is null : false
2025-10-21 20:46:05 INFO  [main] c.netflix.discovery.DiscoveryClient - Registered Applications size is zero : true
2025-10-21 20:46:05 INFO  [main] c.netflix.discovery.DiscoveryClient - Application version is -1: true
2025-10-21 20:46:05 INFO  [main] c.netflix.discovery.DiscoveryClient - Getting all instance registry info from the eureka server
2025-10-21 20:46:05 INFO  [main] c.netflix.discovery.DiscoveryClient - The response status is 200
2025-10-21 20:46:05 INFO  [main] c.netflix.discovery.DiscoveryClient - Starting heartbeat executor: renew interval is: 30
2025-10-21 20:46:05 INFO  [main] c.n.discovery.InstanceInfoReplicator - InstanceInfoReplicator onDemand update allowed rate per min is 4
2025-10-21 20:46:05 INFO  [main] c.netflix.discovery.DiscoveryClient - Discovery Client initialized at timestamp 1761093965342 with initial instances count: 4
2025-10-21 20:46:05 INFO  [main] o.s.c.n.e.s.EurekaServiceRegistry - Registering application EMAILSERVICE with eureka with status UP
2025-10-21 20:46:05 INFO  [main] c.netflix.discovery.DiscoveryClient - Saw local status change event StatusChangeEvent [timestamp=1761093965345, current=UP, previous=STARTING]
2025-10-21 20:46:05 INFO  [DiscoveryClient-InstanceInfoReplicator-%d] c.netflix.discovery.DiscoveryClient - DiscoveryClient_EMAILSERVICE/mac.lan:EmailService:8004: registering service...
2025-10-21 20:46:05 INFO  [main] c.e.E.EmailServiceApplicationTests - Started EmailServiceApplicationTests in 1.771 seconds (process running for 2.535)
2025-10-21 20:46:05 INFO  [DiscoveryClient-InstanceInfoReplicator-%d] c.netflix.discovery.DiscoveryClient - DiscoveryClient_EMAILSERVICE/mac.lan:EmailService:8004 - registration status: 204
2025-10-21 20:46:05 INFO  [SpringApplicationShutdownHook] o.s.c.n.e.s.EurekaServiceRegistry - Unregistering application EMAILSERVICE with eureka with status DOWN
2025-10-21 20:46:05 INFO  [SpringApplicationShutdownHook] c.netflix.discovery.DiscoveryClient - Saw local status change event StatusChangeEvent [timestamp=1761093965906, current=DOWN, previous=UP]
2025-10-21 20:46:05 INFO  [DiscoveryClient-InstanceInfoReplicator-%d] c.netflix.discovery.DiscoveryClient - DiscoveryClient_EMAILSERVICE/mac.lan:EmailService:8004: registering service...
2025-10-21 20:46:05 INFO  [DiscoveryClient-InstanceInfoReplicator-%d] c.netflix.discovery.DiscoveryClient - DiscoveryClient_EMAILSERVICE/mac.lan:EmailService:8004 - registration status: 204
2025-10-21 20:46:05 INFO  [SpringApplicationShutdownHook] c.netflix.discovery.DiscoveryClient - Shutting down DiscoveryClient ...
2025-10-21 20:46:08 INFO  [SpringApplicationShutdownHook] c.netflix.discovery.DiscoveryClient - Unregistering ...
2025-10-21 20:46:08 INFO  [SpringApplicationShutdownHook] c.netflix.discovery.DiscoveryClient - DiscoveryClient_EMAILSERVICE/mac.lan:EmailService:8004 - deregister  status: 200
2025-10-21 20:46:08 INFO  [SpringApplicationShutdownHook] c.netflix.discovery.DiscoveryClient - Completed shut down of DiscoveryClient
